<?xml version="1.0" encoding="UTF-8"?>
<!-- Generated by org.testng.reporters.JUnitXMLReporter -->
<testsuite ignored="0" hostname="ps" failures="0" tests="4" name="Default test" time="10.603" errors="0" timestamp="2023-07-29T20:26:20 IST">
  <testcase classname="day1.HttpRequest" name="getUsers" time="6.986"/>
  <testcase classname="day1.HttpRequest" name="createUsers" time="1.406"/>
  <testcase classname="day1.HttpRequest" name="updateUser" time="0.691"/>
  <testcase classname="day1.HttpRequest" name="deleteUser" time="1.478"/>
</testsuite> <!-- Default test -->
