<?xml version="1.0" encoding="UTF-8"?>
<testng-results ignored="0" total="4" passed="4" failed="0" skipped="0">
  <reporter-output>
  </reporter-output>
  <suite started-at="2023-07-29T20:26:09 IST" name="Default suite" finished-at="2023-07-29T20:26:20 IST" duration-ms="10603">
    <groups>
    </groups>
    <test started-at="2023-07-29T20:26:09 IST" name="Default test" finished-at="2023-07-29T20:26:20 IST" duration-ms="10603">
      <class name="day1.HttpRequest">
        <test-method signature="getUsers()[pri:1, instance:day1.HttpRequest@149e0f5d]" started-at="2023-07-29T20:26:09 IST" name="getUsers" finished-at="2023-07-29T20:26:16 IST" duration-ms="6986" status="PASS">
          <reporter-output>
          </reporter-output>
        </test-method> <!-- getUsers -->
        <test-method signature="createUsers()[pri:2, instance:day1.HttpRequest@149e0f5d]" started-at="2023-07-29T20:26:16 IST" name="createUsers" finished-at="2023-07-29T20:26:17 IST" duration-ms="1406" status="PASS">
          <reporter-output>
          </reporter-output>
        </test-method> <!-- createUsers -->
        <test-method signature="updateUser()[pri:3, instance:day1.HttpRequest@149e0f5d]" started-at="2023-07-29T20:26:18 IST" name="updateUser" finished-at="2023-07-29T20:26:18 IST" depends-on-methods="day1.HttpRequest.createUsers" duration-ms="691" status="PASS">
          <reporter-output>
          </reporter-output>
        </test-method> <!-- updateUser -->
        <test-method signature="deleteUser()[pri:4, instance:day1.HttpRequest@149e0f5d]" started-at="2023-07-29T20:26:18 IST" name="deleteUser" finished-at="2023-07-29T20:26:20 IST" duration-ms="1478" status="PASS">
          <reporter-output>
          </reporter-output>
        </test-method> <!-- deleteUser -->
      </class> <!-- day1.HttpRequest -->
    </test> <!-- Default test -->
  </suite> <!-- Default suite -->
</testng-results>
